
  .   ____          _            __ _ _
 /\\ / ___'_ __ _ _(_)_ __  __ _ \ \ \ \
( ( )\___ | '_ | '_| | '_ \/ _` | \ \ \ \
 \\/  ___)| |_)| | | | | || (_| |  ) ) ) )
  '  |____| .__|_| |_|_| |_\__, | / / / /
 =========|_|==============|___/=/_/_/_/
 :: Spring Boot ::                (v3.2.6)

2025-09-06T03:34:51.820+05:30  INFO 25583 --- [bitscore-backend] [           main] c.bitscore.BitscoreBackendApplication    : Starting BitscoreBackendApplication using Java 21.0.8 with PID 25583 (/Users/imaad/i/Bit Score/Bit-Score/backend/target/classes started by imaad in /Users/imaad/i/Bit Score/Bit-Score/backend)
2025-09-06T03:34:51.822+05:30  INFO 25583 --- [bitscore-backend] [           main] c.bitscore.BitscoreBackendApplication    : No active profile set, falling back to 1 default profile: "default"
2025-09-06T03:34:52.333+05:30  INFO 25583 --- [bitscore-backend] [           main] o.s.b.w.embedded.tomcat.TomcatWebServer  : Tomcat initialized with port 8080 (http)
2025-09-06T03:34:52.339+05:30  INFO 25583 --- [bitscore-backend] [           main] o.apache.catalina.core.StandardService   : Starting service [Tomcat]
2025-09-06T03:34:52.339+05:30  INFO 25583 --- [bitscore-backend] [           main] o.apache.catalina.core.StandardEngine    : Starting Servlet engine: [Apache Tomcat/10.1.24]
2025-09-06T03:34:52.364+05:30  INFO 25583 --- [bitscore-backend] [           main] o.a.c.c.C.[Tomcat].[localhost].[/]       : Initializing Spring embedded WebApplicationContext
2025-09-06T03:34:52.364+05:30  INFO 25583 --- [bitscore-backend] [           main] w.s.c.ServletWebServerApplicationContext : Root WebApplicationContext: initialization completed in 523 ms
2025-09-06T03:34:52.568+05:30  INFO 25583 --- [bitscore-backend] [           main] o.s.b.a.e.web.EndpointLinksResolver      : Exposing 1 endpoint(s) beneath base path '/actuator'
2025-09-06T03:34:52.597+05:30  WARN 25583 --- [bitscore-backend] [           main] ConfigServletWebServerApplicationContext : Exception encountered during context initialization - cancelling refresh attempt: org.springframework.context.ApplicationContextException: Failed to start bean 'webServerStartStop'
2025-09-06T03:34:52.608+05:30  INFO 25583 --- [bitscore-backend] [           main] .s.b.a.l.ConditionEvaluationReportLogger : 

Error starting ApplicationContext. To display the condition evaluation report re-run your application with 'debug' enabled.
2025-09-06T03:34:52.615+05:30 ERROR 25583 --- [bitscore-backend] [           main] o.s.b.d.LoggingFailureAnalysisReporter   : 

***************************
APPLICATION FAILED TO START
***************************

Description:

Web server failed to start. Port 8080 was already in use.

Action:

Identify and stop the process that's listening on port 8080 or configure this application to listen on another port.

[ERROR] Failed to execute goal org.springframework.boot:spring-boot-maven-plugin:3.2.6:run (default-cli) on project bitscore-backend: Process terminated with exit code: 1 -> [Help 1]
[ERROR] 
[ERROR] To see the full stack trace of the errors, re-run Maven with the -e switch.
[ERROR] Re-run Maven using the -X switch to enable full debug logging.
[ERROR] 
[ERROR] For more information about the errors and possible solutions, please read the following articles:
[ERROR] [Help 1] http://cwiki.apache.org/confluence/display/MAVEN/MojoExecutionException
